<?xml version="1.0" encoding="UTF-8"?>
<!-- Generated by org.testng.reporters.JUnitReportReporter -->
<testsuite hostname="Durgas-MacBook-Pro.local" name="com.driveu.zzdriveuautomation.AutomationTest" tests="1" failures="0" timestamp="20 Mar 2017 09:49:11 GMT" time="28.429" errors="0">
  <testcase name="hulkTest" time="28.429" classname="com.driveu.zzdriveuautomation.AutomationTest"/>
</testsuite> <!-- com.driveu.zzdriveuautomation.AutomationTest -->
